
> frontend@0.0.0 start /app/frontend
> ng serve

❯ Building...
✔ Building...
Application bundle generation failed. [6.615 seconds] - 2026-03-11T15:52:22.912Z

[31m✘ [41;31m[[41;97mERROR[41;31m][0m [1mTS2322: Type 'string' is not assignable to type 'number'.[0m [1m[35m[plugin angular-compiler][0m

    src/app/editor/editor.component.html:194:18:
[37m      194 │                   [32mnzMaxTagCount[37m="1"
          ╵                   [32m~~~~~~~~~~~~~[0m

  Error occurs in the template of component EditorComponent.

    src/app/editor/editor.component.ts:45:17:
[37m      45 │     templateUrl: [32m'./editor.component.html'[37m,
         ╵                  [32m~~~~~~~~~~~~~~~~~~~~~~~~~[0m


Watch mode enabled. Watching for file changes...
❯ Changes detected. Rebuilding...
✔ Changes detected. Rebuilding...
Initial chunk files | Names         |  Raw size
styles.css          | styles        |   1.53 MB |
main.js             | main          | 205.82 kB |

                    | Initial total |   1.73 MB

Application bundle generation complete. [2.059 seconds] - 2026-03-11T15:52:45.825Z

NOTE: Raw file sizes do not reflect development server per-request transformations.
  ➜  Local:   http://localhost:4200/
3:53:23 PM [vite] http proxy error: /api/tasks
AggregateError [ECONNREFUSED]:
    at internalConnectMultiple (node:net:1134:18)
    at afterConnectMultiple (node:net:1715:7)
3:53:23 PM [vite] http proxy error: /api/folders
AggregateError [ECONNREFUSED]:
    at internalConnectMultiple (node:net:1134:18)
    at afterConnectMultiple (node:net:1715:7)
